Mplus VERSION 7.4
MUTHEN & MUTHEN
04/18/2018   8:41 AM

INPUT INSTRUCTIONS

  Title:
    ACY, short form, uniform DIF with multiple groups.
  Data:
    File is
    acy_d0i0l0_r5_multigroup.csv;
  Variable:
    names        = Dx ID ACY1 ACY2 ACY3 ACY4 ACY5 ACY6 ACY7
                      ACY8 ACY9 ACY10 ACY12 ACY13 ACY14
                  ACY15 ACY18 NumberHits study R
                      T1original T2original T1 T2 T3 T4 gender frat ;
    usevariables = ACY2 ACY3 ACY4 ACY6 ACY12 ACY14 t1 t2 t3 t4;
    categorical  = ACY2 ACY3 ACY4 ACY6 ACY12 ACY14;
    MISSING = .;
    CLASSES = c(4);
    TRAINING = T1 T2 T3 T4;
    AUXILIARY = gender (bch);
    ANALYSIS:	TYPE = MIXTURE;
    MODEL:
    %OVERALL%
      %C#1%
        [ACY2$1] (a2);
        [ACY3$1] (a3);
        [ACY4$1] (a4);
        [ACY6$1] (a6);
        [ACY12$1] (a12);
        [ACY14$1] (a14);
      %C#2%
        [ACY2$1] (b2);
        [ACY3$1] (b3);
        [ACY4$1] (b4);
        [ACY6$1] (b6);
        [ACY12$1] (b12);
        [ACY14$1] (b14);
      %C#3%
        [ACY2$1] (a2);
        [ACY3$1] (a3);
        [ACY4$1] (a4);
        [ACY6$1] (a6);
        [ACY12$1] (a12);
        [ACY14$1] (a14);
      %C#4%
        [ACY2$1] (b2);
        [ACY3$1] (b3);
        [ACY4$1] (b4);
        [ACY6$1] (b6);
        [ACY12$1] (b12);
        [ACY14$1] (b14);
   Savedata:
      file=bchweights_04122018.dat;
      save=bchweights;



INPUT READING TERMINATED NORMALLY




ACY, short form, uniform DIF with multiple groups.

SUMMARY OF ANALYSIS

Number of groups                                                 1
Number of observations                                         250

Number of dependent variables                                    6
Number of independent variables                                  0
Number of continuous latent variables                            0
Number of categorical latent variables                           1

Observed dependent variables

  Binary and ordered categorical (ordinal)
   ACY2        ACY3        ACY4        ACY6        ACY12       ACY14

Observed auxiliary variables
   GENDER

Categorical latent variables
   C

Variables with special functions

  Training variables (membership)
   T1          T2          T3          T4


Estimator                                                      MLR
Information matrix                                        OBSERVED
Optimization Specifications for the Quasi-Newton Algorithm for
Continuous Outcomes
  Maximum number of iterations                                 100
  Convergence criterion                                  0.100D-05
Optimization Specifications for the EM Algorithm
  Maximum number of iterations                                 500
  Convergence criteria
    Loglikelihood change                                 0.100D-06
    Relative loglikelihood change                        0.100D-06
    Derivative                                           0.100D-05
Optimization Specifications for the M step of the EM Algorithm for
Categorical Latent variables
  Number of M step iterations                                    1
  M step convergence criterion                           0.100D-05
  Basis for M step termination                           ITERATION
Optimization Specifications for the M step of the EM Algorithm for
Censored, Binary or Ordered Categorical (Ordinal), Unordered
Categorical (Nominal) and Count Outcomes
  Number of M step iterations                                    1
  M step convergence criterion                           0.100D-05
  Basis for M step termination                           ITERATION
  Maximum value for logit thresholds                            15
  Minimum value for logit thresholds                           -15
  Minimum expected cell size for chi-square              0.100D-01
Maximum number of iterations for H1                           2000
Convergence criterion for H1                             0.100D-03
Optimization algorithm                                         EMA
Random Starts Specifications
  Number of initial stage random starts                         20
  Number of final stage optimizations                            4
  Number of initial stage iterations                            10
  Initial stage convergence criterion                    0.100D+01
  Random starts scale                                    0.500D+01
  Random seed for generating random starts                       0
Link                                                         LOGIT

Input data file(s)
  acy_d0i0l0_r5_multigroup.csv
Input data format  FREE


SUMMARY OF DATA

     Number of missing data patterns             1
     Number of y missing data patterns           0
     Number of u missing data patterns           1


COVARIANCE COVERAGE OF DATA

Minimum covariance coverage value   0.100


UNIVARIATE PROPORTIONS AND COUNTS FOR CATEGORICAL VARIABLES

    ACY2
      Category 1    0.752          188.000
      Category 2    0.248           62.000
    ACY3
      Category 1    0.740          185.000
      Category 2    0.260           65.000
    ACY4
      Category 1    0.568          142.000
      Category 2    0.432          108.000
    ACY6
      Category 1    0.784          196.000
      Category 2    0.216           54.000
    ACY12
      Category 1    0.776          194.000
      Category 2    0.224           56.000
    ACY14
      Category 1    0.732          183.000
      Category 2    0.268           67.000


RANDOM STARTS RESULTS RANKED FROM THE BEST TO THE WORST LOGLIKELIHOOD VALUES

Final stage loglikelihood values at local maxima, seeds, and initial stage start numbers:

            -961.342  903420           5
            -961.342  533738           11
            -961.342  650371           14
            -961.342  637345           19



THE BEST LOGLIKELIHOOD VALUE HAS BEEN REPLICATED.  RERUN WITH AT LEAST TWICE THE
RANDOM STARTS TO CHECK THAT THE BEST LOGLIKELIHOOD IS STILL OBTAINED AND REPLICATED.


THE MODEL ESTIMATION TERMINATED NORMALLY



MODEL FIT INFORMATION

Number of Free Parameters                       15

Loglikelihood

          H0 Value                        -961.342
          H0 Scaling Correction Factor      1.0195
            for MLR

Information Criteria

          Akaike (AIC)                    1952.684
          Bayesian (BIC)                  2005.506
          Sample-Size Adjusted BIC        1957.954
            (n* = (n + 2) / 24)



FINAL CLASS COUNTS AND PROPORTIONS FOR THE LATENT CLASSES
BASED ON THE ESTIMATED MODEL

    Latent
   Classes

       1         11.00000          0.04400
       2         39.00000          0.15600
       3         84.63687          0.33855
       4        115.36313          0.46145


FINAL CLASS COUNTS AND PROPORTIONS FOR THE LATENT CLASSES
BASED ON ESTIMATED POSTERIOR PROBABILITIES

    Latent
   Classes

       1         11.00000          0.04400
       2         39.00000          0.15600
       3         84.63688          0.33855
       4        115.36312          0.46145


FINAL CLASS COUNTS AND PROPORTIONS FOR THE LATENT CLASSES
BASED ON THEIR MOST LIKELY LATENT CLASS MEMBERSHIP

Class Counts and Proportions

    Latent
   Classes

       1               11          0.04400
       2               39          0.15600
       3               84          0.33600
       4              116          0.46400


CLASSIFICATION QUALITY

     Entropy                         0.814


Average Latent Class Probabilities for Most Likely Latent Class Membership (Row)
by Latent Class (Column)

           1        2        3        4

    1   1.000    0.000    0.000    0.000
    2   0.000    1.000    0.000    0.000
    3   0.000    0.000    0.841    0.159
    4   0.000    0.000    0.120    0.880


Classification Probabilities for the Most Likely Latent Class Membership (Column)
by Latent Class (Row)

           1        2        3        4

    1   1.000    0.000    0.000    0.000
    2   0.000    1.000    0.000    0.000
    3   0.000    0.000    0.835    0.165
    4   0.000    0.000    0.115    0.885


Logits for the Classification Probabilities for the Most Likely Latent Class Membership (Column)
by Latent Class (Row)

              1        2        3        4

    1     13.816    0.000    0.000    0.000
    2      0.000   13.816    0.000    0.000
    3    -12.013  -12.013    1.622    0.000
    4    -13.693  -13.693   -2.036    0.000


MODEL RESULTS

                                                    Two-Tailed
                    Estimate       S.E.  Est./S.E.    P-Value

Latent Class 1

 Thresholds
    ACY2$1            -0.001      0.260     -0.003      0.998
    ACY3$1             0.213      0.254      0.841      0.400
    ACY4$1            -0.845      0.302     -2.792      0.005
    ACY6$1             0.246      0.284      0.868      0.386
    ACY12$1            0.122      0.270      0.453      0.651
    ACY14$1            0.224      0.243      0.921      0.357

Latent Class 2

 Thresholds
    ACY2$1             2.292      0.395      5.797      0.000
    ACY3$1             1.781      0.276      6.454      0.000
    ACY4$1             1.013      0.228      4.448      0.000
    ACY6$1             2.470      0.354      6.978      0.000
    ACY12$1            2.558      0.423      6.051      0.000
    ACY14$1            1.667      0.288      5.790      0.000

Latent Class 3

 Thresholds
    ACY2$1            -0.001      0.260     -0.003      0.998
    ACY3$1             0.213      0.254      0.841      0.400
    ACY4$1            -0.845      0.302     -2.792      0.005
    ACY6$1             0.246      0.284      0.868      0.386
    ACY12$1            0.122      0.270      0.453      0.651
    ACY14$1            0.224      0.243      0.921      0.357

Latent Class 4

 Thresholds
    ACY2$1             2.292      0.395      5.797      0.000
    ACY3$1             1.781      0.276      6.454      0.000
    ACY4$1             1.013      0.228      4.448      0.000
    ACY6$1             2.470      0.354      6.978      0.000
    ACY12$1            2.558      0.423      6.051      0.000
    ACY14$1            1.667      0.288      5.790      0.000

Categorical Latent Variables

 Means
    C#1               -2.350      0.324     -7.252      0.000
    C#2               -1.085      0.216     -5.021      0.000
    C#3               -0.310      0.286     -1.083      0.279


RESULTS IN PROBABILITY SCALE

Latent Class 1

 ACY2
    Category 1         0.500      0.065      7.702      0.000
    Category 2         0.500      0.065      7.708      0.000
 ACY3
    Category 1         0.553      0.063      8.820      0.000
    Category 2         0.447      0.063      7.125      0.000
 ACY4
    Category 1         0.301      0.064      4.727      0.000
    Category 2         0.699      0.064     10.999      0.000
 ACY6
    Category 1         0.561      0.070      8.038      0.000
    Category 2         0.439      0.070      6.285      0.000
 ACY12
    Category 1         0.530      0.067      7.898      0.000
    Category 2         0.470      0.067      6.991      0.000
 ACY14
    Category 1         0.556      0.060      9.265      0.000
    Category 2         0.444      0.060      7.408      0.000

Latent Class 2

 ACY2
    Category 1         0.908      0.033     27.559      0.000
    Category 2         0.092      0.033      2.784      0.005
 ACY3
    Category 1         0.856      0.034     25.131      0.000
    Category 2         0.144      0.034      4.236      0.000
 ACY4
    Category 1         0.734      0.045     16.479      0.000
    Category 2         0.266      0.045      5.981      0.000
 ACY6
    Category 1         0.922      0.025     36.232      0.000
    Category 2         0.078      0.025      3.064      0.002
 ACY12
    Category 1         0.928      0.028     32.903      0.000
    Category 2         0.072      0.028      2.549      0.011
 ACY14
    Category 1         0.841      0.038     21.870      0.000
    Category 2         0.159      0.038      4.128      0.000

Latent Class 3

 ACY2
    Category 1         0.500      0.065      7.702      0.000
    Category 2         0.500      0.065      7.708      0.000
 ACY3
    Category 1         0.553      0.063      8.820      0.000
    Category 2         0.447      0.063      7.125      0.000
 ACY4
    Category 1         0.301      0.064      4.727      0.000
    Category 2         0.699      0.064     10.999      0.000
 ACY6
    Category 1         0.561      0.070      8.038      0.000
    Category 2         0.439      0.070      6.285      0.000
 ACY12
    Category 1         0.530      0.067      7.898      0.000
    Category 2         0.470      0.067      6.991      0.000
 ACY14
    Category 1         0.556      0.060      9.265      0.000
    Category 2         0.444      0.060      7.408      0.000

Latent Class 4

 ACY2
    Category 1         0.908      0.033     27.559      0.000
    Category 2         0.092      0.033      2.784      0.005
 ACY3
    Category 1         0.856      0.034     25.131      0.000
    Category 2         0.144      0.034      4.236      0.000
 ACY4
    Category 1         0.734      0.045     16.479      0.000
    Category 2         0.266      0.045      5.981      0.000
 ACY6
    Category 1         0.922      0.025     36.232      0.000
    Category 2         0.078      0.025      3.064      0.002
 ACY12
    Category 1         0.928      0.028     32.903      0.000
    Category 2         0.072      0.028      2.549      0.011
 ACY14
    Category 1         0.841      0.038     21.870      0.000
    Category 2         0.159      0.038      4.128      0.000


LATENT CLASS ODDS RATIO RESULTS

Latent Class 1 Compared to Latent Class 2

 ACY2
    Category > 1       9.907      4.731      2.094      0.036
 ACY3
    Category > 1       4.793      1.881      2.548      0.011
 ACY4
    Category > 1       6.411      2.467      2.599      0.009
 ACY6
    Category > 1       9.247      4.451      2.077      0.038
 ACY12
    Category > 1      11.426      5.885      1.942      0.052
 ACY14
    Category > 1       4.236      1.725      2.456      0.014

Latent Class 1 Compared to Latent Class 3

 ACY2
    Category > 1       1.000      0.000    999.000    999.000
 ACY3
    Category > 1       1.000      0.000    999.000    999.000
 ACY4
    Category > 1       1.000      0.000    999.000    999.000
 ACY6
    Category > 1       1.000      0.000    999.000    999.000
 ACY12
    Category > 1       1.000      0.000    999.000    999.000
 ACY14
    Category > 1       1.000      0.000    999.000    999.000

Latent Class 1 Compared to Latent Class 4

 ACY2
    Category > 1       9.907      4.731      2.094      0.036
 ACY3
    Category > 1       4.793      1.881      2.548      0.011
 ACY4
    Category > 1       6.411      2.467      2.599      0.009
 ACY6
    Category > 1       9.247      4.451      2.077      0.038
 ACY12
    Category > 1      11.426      5.885      1.942      0.052
 ACY14
    Category > 1       4.236      1.725      2.456      0.014

Latent Class 2 Compared to Latent Class 3

 ACY2
    Category > 1       0.101      0.048      2.094      0.036
 ACY3
    Category > 1       0.209      0.082      2.548      0.011
 ACY4
    Category > 1       0.156      0.060      2.599      0.009
 ACY6
    Category > 1       0.108      0.052      2.077      0.038
 ACY12
    Category > 1       0.088      0.045      1.942      0.052
 ACY14
    Category > 1       0.236      0.096      2.456      0.014

Latent Class 2 Compared to Latent Class 4

 ACY2
    Category > 1       1.000      0.000    999.000    999.000
 ACY3
    Category > 1       1.000      0.000    999.000    999.000
 ACY4
    Category > 1       1.000      0.000    999.000    999.000
 ACY6
    Category > 1       1.000      0.000    999.000    999.000
 ACY12
    Category > 1       1.000      0.000    999.000    999.000
 ACY14
    Category > 1       1.000      0.000    999.000    999.000

Latent Class 3 Compared to Latent Class 4

 ACY2
    Category > 1       9.907      4.731      2.094      0.036
 ACY3
    Category > 1       4.793      1.881      2.548      0.011
 ACY4
    Category > 1       6.411      2.467      2.599      0.009
 ACY6
    Category > 1       9.247      4.451      2.077      0.038
 ACY12
    Category > 1      11.426      5.885      1.942      0.052
 ACY14
    Category > 1       4.236      1.725      2.456      0.014


QUALITY OF NUMERICAL RESULTS

     Condition Number for the Information Matrix              0.750E-01
       (ratio of smallest to largest eigenvalue)


EQUALITY TESTS OF MEANS ACROSS CLASSES USING THE BCH PROCEDURE
WITH 3 DEGREE(S) OF FREEDOM FOR THE OVERALL TEST

GENDER
                          Mean       S.E.                          Mean       S.E.

  Class 1                0.455      0.150  Class 2                0.410      0.079
  Class 3                0.340      0.064  Class 4                0.375      0.053

                    Chi-Square     P-Value                   Chi-Square     P-Value

  Overall test           0.805      0.848  Class 1 vs. 2          0.068      0.794
  Class 1 vs. 3          0.496      0.481  Class 1 vs. 4          0.250      0.617
  Class 2 vs. 3          0.484      0.487  Class 2 vs. 4          0.138      0.710
  Class 3 vs. 4          0.138      0.711



SAVEDATA INFORMATION


  Save file
    bchweights_04122018.dat

  Order and format of variables

    ACY2           F10.3
    ACY3           F10.3
    ACY4           F10.3
    ACY6           F10.3
    ACY12          F10.3
    ACY14          F10.3
    T1             F10.3
    T2             F10.3
    T3             F10.3
    T4             F10.3
    GENDER         F10.3
    BCHW1          F10.3
    BCHW2          F10.3
    BCHW3          F10.3
    BCHW4          F10.3


  Save file format
    15F10.3

  Save file record length    10000


DIAGRAM INFORMATION

  Mplus diagrams are currently not available for Mixture analysis.
  No diagram output was produced.


     Beginning Time:  08:41:52
        Ending Time:  08:41:52
       Elapsed Time:  00:00:00



MUTHEN & MUTHEN
3463 Stoner Ave.
Los Angeles, CA  90066

Tel: (310) 391-9971
Fax: (310) 391-8971
Web: www.StatModel.com
Support: Support@StatModel.com

Copyright (c) 1998-2015 Muthen & Muthen
